Build started 3/5/2013 5:16:54 PM.
     1>Project "C:\Users\Thomas\Dropbox\777--Animation\Parser2\Parser2.vcxproj" on node 2 (build target(s)).
     1>InitializeBuildStatus:
         Touching "Debug\Parser2.unsuccessfulbuild".
       ClCompile:
         c:\Program Files (x86)\Microsoft Visual Studio 10.0\VC\bin\CL.exe /c /I"C:\Program Files\boost_1_53_0\boost_1_53_0" /ZI /nologo /W3 /WX- /Od /Oy- /D _MBCS /Gm /EHsc /RTC1 /MDd /GS /fp:precise /Zc:wchar_t /Zc:forScope /Fo"Debug\\" /Fd"Debug\vc100.pdb" /Gd /TP /analyze- /errorReport:prompt ..\Parse\Main.cpp
         Main.cpp
       Link:
         c:\Program Files (x86)\Microsoft Visual Studio 10.0\VC\bin\link.exe /ERRORREPORT:PROMPT /OUT:"C:\Users\Thomas\Dropbox\777--Animation\Parser2\Debug\Parser2.exe" /NOLOGO kernel32.lib user32.lib gdi32.lib winspool.lib comdlg32.lib advapi32.lib shell32.lib ole32.lib oleaut32.lib uuid.lib odbc32.lib odbccp32.lib /MANIFEST /ManifestFile:"Debug\Parser2.exe.intermediate.manifest" /MANIFESTUAC:"level='asInvoker' uiAccess='false'" /DEBUG /PDB:"C:\Users\Thomas\Dropbox\777--Animation\Parser2\Debug\Parser2.pdb" /TLBID:1 /DYNAMICBASE /NXCOMPAT /IMPLIB:"C:\Users\Thomas\Dropbox\777--Animation\Parser2\Debug\Parser2.lib" /MACHINE:X86 Debug\BVHParser.obj
         Debug\Main.obj
         Debug\Node.obj
         Debug\Parser2.obj
         Parser2.vcxproj -> C:\Users\Thomas\Dropbox\777--Animation\Parser2\Debug\Parser2.exe
       Manifest:
         C:\Program Files (x86)\Microsoft SDKs\Windows\v7.0A\bin\mt.exe /nologo /verbose /outputresource:"C:\Users\Thomas\Dropbox\777--Animation\Parser2\Debug\Parser2.exe;#1" /manifest Debug\Parser2.exe.intermediate.manifest
       FinalizeBuildStatus:
         Deleting file "Debug\Parser2.unsuccessfulbuild".
         Touching "Debug\Parser2.lastbuildstate".
     1>Done Building Project "C:\Users\Thomas\Dropbox\777--Animation\Parser2\Parser2.vcxproj" (build target(s)).

Build succeeded.

Time Elapsed 00:00:05.44
