Build started 3/5/2013 5:14:39 PM.
     1>Project "C:\Users\Thomas\Dropbox\777--Animation\New folder\MocapViewer\MocapViewer\MocapViewer.vcxproj" on node 2 (build target(s)).
     1>InitializeBuildStatus:
         Creating "Debug\MocapViewer.unsuccessfulbuild" because "AlwaysCreate" was specified.
       ClCompile:
         c:\Program Files (x86)\Microsoft Visual Studio 10.0\VC\bin\CL.exe /c /ZI /nologo /W3 /WX- /Od /Oy- /D _MBCS /Gm /EHsc /RTC1 /MDd /GS /fp:precise /Zc:wchar_t /Zc:forScope /Fo"Debug\\" /Fd"Debug\vc100.pdb" /Gd /TP /analyze- /errorReport:prompt Animation billboarding.cpp bitmap.cpp Frame.cpp Frame2D.cpp FreeCamera.cpp Main.cpp quaternion.cpp
         quaternion.cpp
         Main.cpp
     1>c:\users\thomas\dropbox\777--animation\new folder\mocapviewer\mocapviewer\menu.h(292): warning C4018: '<' : signed/unsigned mismatch
         FreeCamera.cpp
     1>c:\users\thomas\dropbox\777--animation\new folder\mocapviewer\mocapviewer\freecamera.h(22): warning C4244: 'return' : conversion from 'double' to 'float', possible loss of data
     1>c:\users\thomas\dropbox\777--animation\new folder\mocapviewer\mocapviewer\freecamera.h(23): warning C4244: 'return' : conversion from 'double' to 'float', possible loss of data
     1>c:\users\thomas\dropbox\777--animation\new folder\mocapviewer\mocapviewer\freecamera.h(80): warning C4244: 'return' : conversion from 'float' to 'int', possible loss of data
     1>c:\users\thomas\dropbox\777--animation\new folder\mocapviewer\mocapviewer\freecamera.cpp(148): warning C4244: '=' : conversion from 'double' to 'float', possible loss of data
     1>c:\users\thomas\dropbox\777--animation\new folder\mocapviewer\mocapviewer\freecamera.cpp(149): warning C4244: '=' : conversion from 'double' to 'float', possible loss of data
     1>c:\users\thomas\dropbox\777--animation\new folder\mocapviewer\mocapviewer\freecamera.cpp(150): warning C4244: '=' : conversion from 'double' to 'float', possible loss of data
     1>c:\users\thomas\dropbox\777--animation\new folder\mocapviewer\mocapviewer\freecamera.cpp(133): warning C4101: 'U' : unreferenced local variable
         Frame2D.cpp
         Frame.cpp
         bitmap.cpp
         billboarding.cpp
         Animation
     1>c:\users\thomas\dropbox\777--animation\new folder\mocapviewer\mocapviewer\animation(62): warning C4390: ';' : empty controlled statement found; is this the intent?
         Generating Code...
       Link:
         c:\Program Files (x86)\Microsoft Visual Studio 10.0\VC\bin\link.exe /ERRORREPORT:PROMPT /OUT:"C:\Users\Thomas\Dropbox\777--Animation\New folder\MocapViewer\MocapViewer\Debug\MocapViewer.exe" /NOLOGO kernel32.lib user32.lib gdi32.lib winspool.lib comdlg32.lib advapi32.lib shell32.lib ole32.lib oleaut32.lib uuid.lib odbc32.lib odbccp32.lib /MANIFEST /ManifestFile:"Debug\MocapViewer.exe.intermediate.manifest" /MANIFESTUAC:"level='asInvoker' uiAccess='false'" /DEBUG /PDB:"C:\Users\Thomas\Dropbox\777--Animation\New folder\MocapViewer\MocapViewer\Debug\MocapViewer.pdb" /TLBID:1 /DYNAMICBASE /NXCOMPAT /IMPLIB:"C:\Users\Thomas\Dropbox\777--Animation\New folder\MocapViewer\MocapViewer\Debug\MocapViewer.lib" /MACHINE:X86 Debug\Animation.obj
         Debug\billboarding.obj
         Debug\bitmap.obj
         Debug\Frame.obj
         Debug\Frame2D.obj
         Debug\FreeCamera.obj
         Debug\Main.obj
         Debug\quaternion.obj
         MocapViewer.vcxproj -> C:\Users\Thomas\Dropbox\777--Animation\New folder\MocapViewer\MocapViewer\Debug\MocapViewer.exe
       Manifest:
         C:\Program Files (x86)\Microsoft SDKs\Windows\v7.0A\bin\mt.exe /nologo /verbose /outputresource:"C:\Users\Thomas\Dropbox\777--Animation\New folder\MocapViewer\MocapViewer\Debug\MocapViewer.exe;#1" /manifest Debug\MocapViewer.exe.intermediate.manifest
       FinalizeBuildStatus:
         Deleting file "Debug\MocapViewer.unsuccessfulbuild".
         Touching "Debug\MocapViewer.lastbuildstate".
     1>Done Building Project "C:\Users\Thomas\Dropbox\777--Animation\New folder\MocapViewer\MocapViewer\MocapViewer.vcxproj" (build target(s)).

Build succeeded.

Time Elapsed 00:00:25.38
